2024-04-27 13:42:55,501 loglevel=INFO   logger=uvicorn.error __init__() L316  Will watch for changes in these directories: ['D:\\GitHub\\gotcha\\server'] call_trace=D:\GitHub\gotcha\server\venv\Lib\site-packages\uvicorn\config.py L316 
2024-04-27 13:42:55,507 loglevel=INFO   logger=uvicorn.error bind_socket() L522  Uvicorn running on http://0.0.0.0:8000 (Press CTRL+C to quit) call_trace=D:\GitHub\gotcha\server\venv\Lib\site-packages\uvicorn\config.py L522 
2024-04-27 13:42:55,507 loglevel=INFO   logger=uvicorn.error startup() L79   Started reloader process [17632] using StatReload call_trace=D:\GitHub\gotcha\server\venv\Lib\site-packages\uvicorn\supervisors\basereload.py L79  
2024-04-27 13:42:57,071 loglevel=INFO   logger=uvicorn.error _serve() L82   Started server process [18716] call_trace=D:\GitHub\gotcha\server\venv\Lib\site-packages\uvicorn\server.py L82  
2024-04-27 13:42:57,071 loglevel=INFO   logger=uvicorn.error startup() L48   Waiting for application startup. call_trace=D:\GitHub\gotcha\server\venv\Lib\site-packages\uvicorn\lifespan\on.py L48  
2024-04-27 13:42:57,071 loglevel=INFO   logger=uvicorn.error startup() L62   Application startup complete. call_trace=D:\GitHub\gotcha\server\venv\Lib\site-packages\uvicorn\lifespan\on.py L62  
2024-04-27 13:43:48,466 loglevel=INFO   logger=uvicorn.access send() L477  127.0.0.1:53161 - "GET /docs HTTP/1.1" 200 call_trace=D:\GitHub\gotcha\server\venv\Lib\site-packages\uvicorn\protocols\http\h11_impl.py L477 
2024-04-27 13:43:49,346 loglevel=INFO   logger=uvicorn.access send() L477  127.0.0.1:53161 - "GET /openapi.json HTTP/1.1" 200 call_trace=D:\GitHub\gotcha\server\venv\Lib\site-packages\uvicorn\protocols\http\h11_impl.py L477 
2024-04-27 13:44:48,749 loglevel=WARNING logger=uvicorn.error run() L54   StatReload detected changes in 'main.py'. Reloading... call_trace=D:\GitHub\gotcha\server\venv\Lib\site-packages\uvicorn\supervisors\basereload.py L54  
2024-04-27 13:44:48,779 loglevel=INFO   logger=uvicorn.error shutdown() L258  Shutting down call_trace=D:\GitHub\gotcha\server\venv\Lib\site-packages\uvicorn\server.py L258 
2024-04-27 13:44:48,893 loglevel=INFO   logger=uvicorn.error shutdown() L67   Waiting for application shutdown. call_trace=D:\GitHub\gotcha\server\venv\Lib\site-packages\uvicorn\lifespan\on.py L67  
2024-04-27 13:44:48,893 loglevel=INFO   logger=uvicorn.error shutdown() L76   Application shutdown complete. call_trace=D:\GitHub\gotcha\server\venv\Lib\site-packages\uvicorn\lifespan\on.py L76  
2024-04-27 13:44:48,893 loglevel=INFO   logger=uvicorn.error _serve() L92   Finished server process [18716] call_trace=D:\GitHub\gotcha\server\venv\Lib\site-packages\uvicorn\server.py L92  
2024-04-27 13:44:51,161 loglevel=INFO   logger=uvicorn.error _serve() L82   Started server process [9032] call_trace=D:\GitHub\gotcha\server\venv\Lib\site-packages\uvicorn\server.py L82  
2024-04-27 13:44:51,163 loglevel=INFO   logger=uvicorn.error startup() L48   Waiting for application startup. call_trace=D:\GitHub\gotcha\server\venv\Lib\site-packages\uvicorn\lifespan\on.py L48  
2024-04-27 13:44:51,165 loglevel=INFO   logger=uvicorn.error startup() L62   Application startup complete. call_trace=D:\GitHub\gotcha\server\venv\Lib\site-packages\uvicorn\lifespan\on.py L62  
2024-04-27 13:44:51,378 loglevel=INFO   logger=uvicorn.error shutdown() L258  Shutting down call_trace=D:\GitHub\gotcha\server\venv\Lib\site-packages\uvicorn\server.py L258 
2024-04-27 13:44:51,484 loglevel=INFO   logger=uvicorn.error shutdown() L67   Waiting for application shutdown. call_trace=D:\GitHub\gotcha\server\venv\Lib\site-packages\uvicorn\lifespan\on.py L67  
2024-04-27 13:44:51,484 loglevel=INFO   logger=uvicorn.error shutdown() L76   Application shutdown complete. call_trace=D:\GitHub\gotcha\server\venv\Lib\site-packages\uvicorn\lifespan\on.py L76  
2024-04-27 13:44:51,486 loglevel=INFO   logger=uvicorn.error _serve() L92   Finished server process [9032] call_trace=D:\GitHub\gotcha\server\venv\Lib\site-packages\uvicorn\server.py L92  
2024-04-27 13:44:51,702 loglevel=INFO   logger=uvicorn.error shutdown() L111  Stopping reloader process [17632] call_trace=D:\GitHub\gotcha\server\venv\Lib\site-packages\uvicorn\supervisors\basereload.py L111 
2024-04-27 13:44:54,423 loglevel=INFO   logger=uvicorn.error __init__() L316  Will watch for changes in these directories: ['D:\\GitHub\\gotcha\\server'] call_trace=D:\GitHub\gotcha\server\venv\Lib\site-packages\uvicorn\config.py L316 
2024-04-27 13:44:54,423 loglevel=INFO   logger=uvicorn.error bind_socket() L522  Uvicorn running on http://0.0.0.0:8000 (Press CTRL+C to quit) call_trace=D:\GitHub\gotcha\server\venv\Lib\site-packages\uvicorn\config.py L522 
2024-04-27 13:44:54,423 loglevel=INFO   logger=uvicorn.error startup() L79   Started reloader process [12084] using StatReload call_trace=D:\GitHub\gotcha\server\venv\Lib\site-packages\uvicorn\supervisors\basereload.py L79  
2024-04-27 13:44:55,874 loglevel=INFO   logger=uvicorn.error _serve() L82   Started server process [5084] call_trace=D:\GitHub\gotcha\server\venv\Lib\site-packages\uvicorn\server.py L82  
2024-04-27 13:44:55,881 loglevel=INFO   logger=uvicorn.error startup() L48   Waiting for application startup. call_trace=D:\GitHub\gotcha\server\venv\Lib\site-packages\uvicorn\lifespan\on.py L48  
2024-04-27 13:44:55,881 loglevel=INFO   logger=uvicorn.error startup() L62   Application startup complete. call_trace=D:\GitHub\gotcha\server\venv\Lib\site-packages\uvicorn\lifespan\on.py L62  
2024-04-27 13:46:30,764 loglevel=INFO   logger=uvicorn.access send() L477  127.0.0.1:53185 - "GET / HTTP/1.1" 200 call_trace=D:\GitHub\gotcha\server\venv\Lib\site-packages\uvicorn\protocols\http\h11_impl.py L477 
2024-04-27 13:50:20,543 loglevel=INFO   logger=uvicorn.error shutdown() L258  Shutting down call_trace=D:\GitHub\gotcha\server\venv\Lib\site-packages\uvicorn\server.py L258 
2024-04-27 13:50:20,651 loglevel=INFO   logger=uvicorn.error shutdown() L67   Waiting for application shutdown. call_trace=D:\GitHub\gotcha\server\venv\Lib\site-packages\uvicorn\lifespan\on.py L67  
2024-04-27 13:50:20,652 loglevel=INFO   logger=uvicorn.error shutdown() L76   Application shutdown complete. call_trace=D:\GitHub\gotcha\server\venv\Lib\site-packages\uvicorn\lifespan\on.py L76  
2024-04-27 13:50:20,652 loglevel=INFO   logger=uvicorn.error _serve() L92   Finished server process [5084] call_trace=D:\GitHub\gotcha\server\venv\Lib\site-packages\uvicorn\server.py L92  
2024-04-27 13:50:20,791 loglevel=INFO   logger=uvicorn.error shutdown() L111  Stopping reloader process [12084] call_trace=D:\GitHub\gotcha\server\venv\Lib\site-packages\uvicorn\supervisors\basereload.py L111 
2024-04-28 15:02:34,729 loglevel=INFO   logger=uvicorn.error __init__() L316  Will watch for changes in these directories: ['D:\\GitHub\\gotcha\\server'] call_trace=D:\GitHub\gotcha\server\venv\Lib\site-packages\uvicorn\config.py L316 
2024-04-28 15:02:34,745 loglevel=INFO   logger=uvicorn.error bind_socket() L522  Uvicorn running on http://0.0.0.0:8000 (Press CTRL+C to quit) call_trace=D:\GitHub\gotcha\server\venv\Lib\site-packages\uvicorn\config.py L522 
2024-04-28 15:02:34,746 loglevel=INFO   logger=uvicorn.error startup() L79   Started reloader process [12972] using StatReload call_trace=D:\GitHub\gotcha\server\venv\Lib\site-packages\uvicorn\supervisors\basereload.py L79  
2024-04-28 15:02:35,828 loglevel=INFO   logger=uvicorn.error _serve() L82   Started server process [21564] call_trace=D:\GitHub\gotcha\server\venv\Lib\site-packages\uvicorn\server.py L82  
2024-04-28 15:02:35,829 loglevel=INFO   logger=uvicorn.error startup() L48   Waiting for application startup. call_trace=D:\GitHub\gotcha\server\venv\Lib\site-packages\uvicorn\lifespan\on.py L48  
2024-04-28 15:02:35,829 loglevel=INFO   logger=uvicorn.error startup() L62   Application startup complete. call_trace=D:\GitHub\gotcha\server\venv\Lib\site-packages\uvicorn\lifespan\on.py L62  
2024-04-28 15:03:15,973 loglevel=WARNING logger=uvicorn.error run() L54   StatReload detected changes in 'main.py'. Reloading... call_trace=D:\GitHub\gotcha\server\venv\Lib\site-packages\uvicorn\supervisors\basereload.py L54  
2024-04-28 15:03:16,057 loglevel=INFO   logger=uvicorn.error shutdown() L258  Shutting down call_trace=D:\GitHub\gotcha\server\venv\Lib\site-packages\uvicorn\server.py L258 
2024-04-28 15:03:16,158 loglevel=INFO   logger=uvicorn.error shutdown() L67   Waiting for application shutdown. call_trace=D:\GitHub\gotcha\server\venv\Lib\site-packages\uvicorn\lifespan\on.py L67  
2024-04-28 15:03:16,158 loglevel=INFO   logger=uvicorn.error shutdown() L76   Application shutdown complete. call_trace=D:\GitHub\gotcha\server\venv\Lib\site-packages\uvicorn\lifespan\on.py L76  
2024-04-28 15:03:16,159 loglevel=INFO   logger=uvicorn.error _serve() L92   Finished server process [21564] call_trace=D:\GitHub\gotcha\server\venv\Lib\site-packages\uvicorn\server.py L92  
2024-04-28 15:03:17,141 loglevel=INFO   logger=uvicorn.error _serve() L82   Started server process [20580] call_trace=D:\GitHub\gotcha\server\venv\Lib\site-packages\uvicorn\server.py L82  
2024-04-28 15:03:17,142 loglevel=INFO   logger=uvicorn.error startup() L48   Waiting for application startup. call_trace=D:\GitHub\gotcha\server\venv\Lib\site-packages\uvicorn\lifespan\on.py L48  
2024-04-28 15:03:17,143 loglevel=INFO   logger=uvicorn.error startup() L62   Application startup complete. call_trace=D:\GitHub\gotcha\server\venv\Lib\site-packages\uvicorn\lifespan\on.py L62  
2024-04-28 15:03:24,616 loglevel=WARNING logger=uvicorn.error run() L54   StatReload detected changes in 'main.py'. Reloading... call_trace=D:\GitHub\gotcha\server\venv\Lib\site-packages\uvicorn\supervisors\basereload.py L54  
2024-04-28 15:03:24,732 loglevel=INFO   logger=uvicorn.error shutdown() L258  Shutting down call_trace=D:\GitHub\gotcha\server\venv\Lib\site-packages\uvicorn\server.py L258 
2024-04-28 15:03:24,839 loglevel=INFO   logger=uvicorn.error shutdown() L67   Waiting for application shutdown. call_trace=D:\GitHub\gotcha\server\venv\Lib\site-packages\uvicorn\lifespan\on.py L67  
2024-04-28 15:03:24,840 loglevel=INFO   logger=uvicorn.error shutdown() L76   Application shutdown complete. call_trace=D:\GitHub\gotcha\server\venv\Lib\site-packages\uvicorn\lifespan\on.py L76  
2024-04-28 15:03:24,841 loglevel=INFO   logger=uvicorn.error _serve() L92   Finished server process [20580] call_trace=D:\GitHub\gotcha\server\venv\Lib\site-packages\uvicorn\server.py L92  
2024-04-28 15:03:25,718 loglevel=INFO   logger=uvicorn.error _serve() L82   Started server process [2984] call_trace=D:\GitHub\gotcha\server\venv\Lib\site-packages\uvicorn\server.py L82  
2024-04-28 15:03:25,718 loglevel=INFO   logger=uvicorn.error startup() L48   Waiting for application startup. call_trace=D:\GitHub\gotcha\server\venv\Lib\site-packages\uvicorn\lifespan\on.py L48  
2024-04-28 15:03:25,718 loglevel=INFO   logger=uvicorn.error startup() L62   Application startup complete. call_trace=D:\GitHub\gotcha\server\venv\Lib\site-packages\uvicorn\lifespan\on.py L62  
2024-04-28 15:03:42,203 loglevel=INFO   logger=uvicorn.access send() L477  127.0.0.1:54676 - "GET /docs HTTP/1.1" 200 call_trace=D:\GitHub\gotcha\server\venv\Lib\site-packages\uvicorn\protocols\http\h11_impl.py L477 
2024-04-28 15:03:42,517 loglevel=INFO   logger=uvicorn.access send() L477  127.0.0.1:54676 - "GET /openapi.json HTTP/1.1" 200 call_trace=D:\GitHub\gotcha\server\venv\Lib\site-packages\uvicorn\protocols\http\h11_impl.py L477 
2024-04-28 15:04:11,456 loglevel=WARNING logger=uvicorn.error run() L54   StatReload detected changes in 'modules\trivia_management\trivia_management.py'. Reloading... call_trace=D:\GitHub\gotcha\server\venv\Lib\site-packages\uvicorn\supervisors\basereload.py L54  
2024-04-28 15:04:11,513 loglevel=INFO   logger=uvicorn.error shutdown() L258  Shutting down call_trace=D:\GitHub\gotcha\server\venv\Lib\site-packages\uvicorn\server.py L258 
2024-04-28 15:04:11,625 loglevel=INFO   logger=uvicorn.error shutdown() L67   Waiting for application shutdown. call_trace=D:\GitHub\gotcha\server\venv\Lib\site-packages\uvicorn\lifespan\on.py L67  
2024-04-28 15:04:11,625 loglevel=INFO   logger=uvicorn.error shutdown() L76   Application shutdown complete. call_trace=D:\GitHub\gotcha\server\venv\Lib\site-packages\uvicorn\lifespan\on.py L76  
2024-04-28 15:04:11,625 loglevel=INFO   logger=uvicorn.error _serve() L92   Finished server process [2984] call_trace=D:\GitHub\gotcha\server\venv\Lib\site-packages\uvicorn\server.py L92  
2024-04-28 15:04:12,533 loglevel=INFO   logger=uvicorn.error _serve() L82   Started server process [21332] call_trace=D:\GitHub\gotcha\server\venv\Lib\site-packages\uvicorn\server.py L82  
2024-04-28 15:04:12,533 loglevel=INFO   logger=uvicorn.error startup() L48   Waiting for application startup. call_trace=D:\GitHub\gotcha\server\venv\Lib\site-packages\uvicorn\lifespan\on.py L48  
2024-04-28 15:04:12,533 loglevel=INFO   logger=uvicorn.error startup() L62   Application startup complete. call_trace=D:\GitHub\gotcha\server\venv\Lib\site-packages\uvicorn\lifespan\on.py L62  
2024-04-28 15:04:19,192 loglevel=INFO   logger=uvicorn.access send() L477  127.0.0.1:54685 - "GET /triviaManagement/getUserDetails?userId=123 HTTP/1.1" 200 call_trace=D:\GitHub\gotcha\server\venv\Lib\site-packages\uvicorn\protocols\http\h11_impl.py L477 
2024-04-28 15:39:15,732 loglevel=WARNING logger=uvicorn.error run() L54   StatReload detected changes in 'config\config.py'. Reloading... call_trace=D:\GitHub\gotcha\server\venv\Lib\site-packages\uvicorn\supervisors\basereload.py L54  
2024-04-28 15:39:15,880 loglevel=INFO   logger=uvicorn.error shutdown() L258  Shutting down call_trace=D:\GitHub\gotcha\server\venv\Lib\site-packages\uvicorn\server.py L258 
2024-04-28 15:39:16,023 loglevel=INFO   logger=uvicorn.error shutdown() L67   Waiting for application shutdown. call_trace=D:\GitHub\gotcha\server\venv\Lib\site-packages\uvicorn\lifespan\on.py L67  
2024-04-28 15:39:16,030 loglevel=INFO   logger=uvicorn.error shutdown() L76   Application shutdown complete. call_trace=D:\GitHub\gotcha\server\venv\Lib\site-packages\uvicorn\lifespan\on.py L76  
2024-04-28 15:39:16,031 loglevel=INFO   logger=uvicorn.error _serve() L92   Finished server process [21332] call_trace=D:\GitHub\gotcha\server\venv\Lib\site-packages\uvicorn\server.py L92  
2024-04-28 15:39:18,793 loglevel=INFO   logger=uvicorn.error _serve() L82   Started server process [19492] call_trace=D:\GitHub\gotcha\server\venv\Lib\site-packages\uvicorn\server.py L82  
2024-04-28 15:39:18,794 loglevel=INFO   logger=uvicorn.error startup() L48   Waiting for application startup. call_trace=D:\GitHub\gotcha\server\venv\Lib\site-packages\uvicorn\lifespan\on.py L48  
2024-04-28 15:39:18,795 loglevel=INFO   logger=uvicorn.error startup() L62   Application startup complete. call_trace=D:\GitHub\gotcha\server\venv\Lib\site-packages\uvicorn\lifespan\on.py L62  
2024-04-28 15:42:07,991 loglevel=WARNING logger=uvicorn.error run() L54   StatReload detected changes in 'main.py'. Reloading... call_trace=D:\GitHub\gotcha\server\venv\Lib\site-packages\uvicorn\supervisors\basereload.py L54  
2024-04-28 15:42:08,065 loglevel=INFO   logger=uvicorn.error shutdown() L258  Shutting down call_trace=D:\GitHub\gotcha\server\venv\Lib\site-packages\uvicorn\server.py L258 
2024-04-28 15:42:08,181 loglevel=INFO   logger=uvicorn.error shutdown() L67   Waiting for application shutdown. call_trace=D:\GitHub\gotcha\server\venv\Lib\site-packages\uvicorn\lifespan\on.py L67  
2024-04-28 15:42:08,181 loglevel=INFO   logger=uvicorn.error shutdown() L76   Application shutdown complete. call_trace=D:\GitHub\gotcha\server\venv\Lib\site-packages\uvicorn\lifespan\on.py L76  
2024-04-28 15:42:08,181 loglevel=INFO   logger=uvicorn.error _serve() L92   Finished server process [19492] call_trace=D:\GitHub\gotcha\server\venv\Lib\site-packages\uvicorn\server.py L92  
2024-04-28 15:42:09,186 loglevel=INFO   logger=uvicorn.error _serve() L82   Started server process [19904] call_trace=D:\GitHub\gotcha\server\venv\Lib\site-packages\uvicorn\server.py L82  
2024-04-28 15:42:09,186 loglevel=INFO   logger=uvicorn.error startup() L48   Waiting for application startup. call_trace=D:\GitHub\gotcha\server\venv\Lib\site-packages\uvicorn\lifespan\on.py L48  
2024-04-28 15:42:09,186 loglevel=INFO   logger=uvicorn.error startup() L62   Application startup complete. call_trace=D:\GitHub\gotcha\server\venv\Lib\site-packages\uvicorn\lifespan\on.py L62  
2024-04-28 15:42:17,378 loglevel=INFO   logger=uvicorn.error shutdown() L258  Shutting down call_trace=D:\GitHub\gotcha\server\venv\Lib\site-packages\uvicorn\server.py L258 
2024-04-28 15:42:17,480 loglevel=INFO   logger=uvicorn.error shutdown() L67   Waiting for application shutdown. call_trace=D:\GitHub\gotcha\server\venv\Lib\site-packages\uvicorn\lifespan\on.py L67  
2024-04-28 15:42:17,481 loglevel=INFO   logger=uvicorn.error shutdown() L76   Application shutdown complete. call_trace=D:\GitHub\gotcha\server\venv\Lib\site-packages\uvicorn\lifespan\on.py L76  
2024-04-28 15:42:17,481 loglevel=INFO   logger=uvicorn.error _serve() L92   Finished server process [19904] call_trace=D:\GitHub\gotcha\server\venv\Lib\site-packages\uvicorn\server.py L92  
2024-04-28 15:42:17,762 loglevel=INFO   logger=uvicorn.error shutdown() L111  Stopping reloader process [12972] call_trace=D:\GitHub\gotcha\server\venv\Lib\site-packages\uvicorn\supervisors\basereload.py L111 
2024-04-28 16:00:59,901 loglevel=INFO   logger=uvicorn.error __init__() L316  Will watch for changes in these directories: ['D:\\GitHub\\gotcha\\server'] call_trace=D:\GitHub\gotcha\server\venv\Lib\site-packages\uvicorn\config.py L316 
2024-04-28 16:00:59,918 loglevel=INFO   logger=uvicorn.error bind_socket() L522  Uvicorn running on http://0.0.0.0:8000 (Press CTRL+C to quit) call_trace=D:\GitHub\gotcha\server\venv\Lib\site-packages\uvicorn\config.py L522 
2024-04-28 16:00:59,918 loglevel=INFO   logger=uvicorn.error startup() L79   Started reloader process [14352] using StatReload call_trace=D:\GitHub\gotcha\server\venv\Lib\site-packages\uvicorn\supervisors\basereload.py L79  
2024-04-28 16:01:01,202 loglevel=INFO   logger=uvicorn.error _serve() L82   Started server process [21596] call_trace=D:\GitHub\gotcha\server\venv\Lib\site-packages\uvicorn\server.py L82  
2024-04-28 16:01:01,202 loglevel=INFO   logger=uvicorn.error startup() L48   Waiting for application startup. call_trace=D:\GitHub\gotcha\server\venv\Lib\site-packages\uvicorn\lifespan\on.py L48  
2024-04-28 16:01:01,202 loglevel=INFO   logger=uvicorn.error startup() L62   Application startup complete. call_trace=D:\GitHub\gotcha\server\venv\Lib\site-packages\uvicorn\lifespan\on.py L62  
2024-04-28 16:01:02,049 loglevel=INFO   logger=uvicorn.access send() L477  127.0.0.1:55571 - "GET /triviaManagement/getUserDetails?userId=123 HTTP/1.1" 200 call_trace=D:\GitHub\gotcha\server\venv\Lib\site-packages\uvicorn\protocols\http\h11_impl.py L477 
2024-04-28 16:01:05,796 loglevel=INFO   logger=uvicorn.access send() L477  127.0.0.1:55571 - "GET /triviaManagement/getUserDetails?userId=123 HTTP/1.1" 200 call_trace=D:\GitHub\gotcha\server\venv\Lib\site-packages\uvicorn\protocols\http\h11_impl.py L477 
2024-04-28 16:04:00,565 loglevel=WARNING logger=uvicorn.error run() L54   StatReload detected changes in 'config\config.py'. Reloading... call_trace=D:\GitHub\gotcha\server\venv\Lib\site-packages\uvicorn\supervisors\basereload.py L54  
2024-04-28 16:04:00,610 loglevel=INFO   logger=uvicorn.error shutdown() L258  Shutting down call_trace=D:\GitHub\gotcha\server\venv\Lib\site-packages\uvicorn\server.py L258 
2024-04-28 16:04:00,718 loglevel=INFO   logger=uvicorn.error shutdown() L67   Waiting for application shutdown. call_trace=D:\GitHub\gotcha\server\venv\Lib\site-packages\uvicorn\lifespan\on.py L67  
2024-04-28 16:04:00,718 loglevel=INFO   logger=uvicorn.error shutdown() L76   Application shutdown complete. call_trace=D:\GitHub\gotcha\server\venv\Lib\site-packages\uvicorn\lifespan\on.py L76  
2024-04-28 16:04:00,718 loglevel=INFO   logger=uvicorn.error _serve() L92   Finished server process [21596] call_trace=D:\GitHub\gotcha\server\venv\Lib\site-packages\uvicorn\server.py L92  
2024-04-28 16:04:01,945 loglevel=INFO   logger=uvicorn.error _serve() L82   Started server process [7484] call_trace=D:\GitHub\gotcha\server\venv\Lib\site-packages\uvicorn\server.py L82  
2024-04-28 16:04:01,945 loglevel=INFO   logger=uvicorn.error startup() L48   Waiting for application startup. call_trace=D:\GitHub\gotcha\server\venv\Lib\site-packages\uvicorn\lifespan\on.py L48  
2024-04-28 16:04:01,945 loglevel=INFO   logger=uvicorn.error startup() L62   Application startup complete. call_trace=D:\GitHub\gotcha\server\venv\Lib\site-packages\uvicorn\lifespan\on.py L62  
2024-04-28 16:06:01,564 loglevel=WARNING logger=uvicorn.error run() L54   StatReload detected changes in 'config\config.py'. Reloading... call_trace=D:\GitHub\gotcha\server\venv\Lib\site-packages\uvicorn\supervisors\basereload.py L54  
2024-04-28 16:06:01,673 loglevel=INFO   logger=uvicorn.error shutdown() L258  Shutting down call_trace=D:\GitHub\gotcha\server\venv\Lib\site-packages\uvicorn\server.py L258 
2024-04-28 16:06:01,775 loglevel=INFO   logger=uvicorn.error shutdown() L67   Waiting for application shutdown. call_trace=D:\GitHub\gotcha\server\venv\Lib\site-packages\uvicorn\lifespan\on.py L67  
2024-04-28 16:06:01,776 loglevel=INFO   logger=uvicorn.error shutdown() L76   Application shutdown complete. call_trace=D:\GitHub\gotcha\server\venv\Lib\site-packages\uvicorn\lifespan\on.py L76  
2024-04-28 16:06:01,776 loglevel=INFO   logger=uvicorn.error _serve() L92   Finished server process [7484] call_trace=D:\GitHub\gotcha\server\venv\Lib\site-packages\uvicorn\server.py L92  
2024-04-28 16:06:02,874 loglevel=INFO   logger=uvicorn.error _serve() L82   Started server process [17696] call_trace=D:\GitHub\gotcha\server\venv\Lib\site-packages\uvicorn\server.py L82  
2024-04-28 16:06:02,874 loglevel=INFO   logger=uvicorn.error startup() L48   Waiting for application startup. call_trace=D:\GitHub\gotcha\server\venv\Lib\site-packages\uvicorn\lifespan\on.py L48  
2024-04-28 16:06:02,874 loglevel=INFO   logger=uvicorn.error startup() L62   Application startup complete. call_trace=D:\GitHub\gotcha\server\venv\Lib\site-packages\uvicorn\lifespan\on.py L62  
2024-04-28 16:08:14,547 loglevel=WARNING logger=uvicorn.error run() L54   StatReload detected changes in 'config\config.py'. Reloading... call_trace=D:\GitHub\gotcha\server\venv\Lib\site-packages\uvicorn\supervisors\basereload.py L54  
2024-04-28 16:08:14,589 loglevel=INFO   logger=uvicorn.error shutdown() L258  Shutting down call_trace=D:\GitHub\gotcha\server\venv\Lib\site-packages\uvicorn\server.py L258 
2024-04-28 16:08:14,698 loglevel=INFO   logger=uvicorn.error shutdown() L67   Waiting for application shutdown. call_trace=D:\GitHub\gotcha\server\venv\Lib\site-packages\uvicorn\lifespan\on.py L67  
2024-04-28 16:08:14,699 loglevel=INFO   logger=uvicorn.error shutdown() L76   Application shutdown complete. call_trace=D:\GitHub\gotcha\server\venv\Lib\site-packages\uvicorn\lifespan\on.py L76  
2024-04-28 16:08:14,699 loglevel=INFO   logger=uvicorn.error _serve() L92   Finished server process [17696] call_trace=D:\GitHub\gotcha\server\venv\Lib\site-packages\uvicorn\server.py L92  
2024-04-28 16:08:15,721 loglevel=INFO   logger=uvicorn.error _serve() L82   Started server process [12484] call_trace=D:\GitHub\gotcha\server\venv\Lib\site-packages\uvicorn\server.py L82  
2024-04-28 16:08:15,721 loglevel=INFO   logger=uvicorn.error startup() L48   Waiting for application startup. call_trace=D:\GitHub\gotcha\server\venv\Lib\site-packages\uvicorn\lifespan\on.py L48  
2024-04-28 16:08:15,721 loglevel=INFO   logger=uvicorn.error startup() L62   Application startup complete. call_trace=D:\GitHub\gotcha\server\venv\Lib\site-packages\uvicorn\lifespan\on.py L62  
2024-04-28 16:08:51,411 loglevel=INFO   logger=uvicorn.access send() L477  127.0.0.1:55646 - "GET /triviaManagement/getUserDetails?userId=123 HTTP/1.1" 200 call_trace=D:\GitHub\gotcha\server\venv\Lib\site-packages\uvicorn\protocols\http\h11_impl.py L477 
2024-04-28 16:09:09,643 loglevel=INFO   logger=uvicorn.error shutdown() L258  Shutting down call_trace=D:\GitHub\gotcha\server\venv\Lib\site-packages\uvicorn\server.py L258 
2024-04-28 16:09:09,752 loglevel=INFO   logger=uvicorn.error shutdown() L67   Waiting for application shutdown. call_trace=D:\GitHub\gotcha\server\venv\Lib\site-packages\uvicorn\lifespan\on.py L67  
2024-04-28 16:09:09,752 loglevel=INFO   logger=uvicorn.error shutdown() L76   Application shutdown complete. call_trace=D:\GitHub\gotcha\server\venv\Lib\site-packages\uvicorn\lifespan\on.py L76  
2024-04-28 16:09:09,752 loglevel=INFO   logger=uvicorn.error _serve() L92   Finished server process [12484] call_trace=D:\GitHub\gotcha\server\venv\Lib\site-packages\uvicorn\server.py L92  
2024-04-28 16:09:09,860 loglevel=INFO   logger=uvicorn.error shutdown() L111  Stopping reloader process [14352] call_trace=D:\GitHub\gotcha\server\venv\Lib\site-packages\uvicorn\supervisors\basereload.py L111 
2024-04-28 16:09:11,912 loglevel=INFO   logger=uvicorn.error __init__() L316  Will watch for changes in these directories: ['D:\\GitHub\\gotcha\\server'] call_trace=D:\GitHub\gotcha\server\venv\Lib\site-packages\uvicorn\config.py L316 
2024-04-28 16:09:11,912 loglevel=INFO   logger=uvicorn.error bind_socket() L522  Uvicorn running on http://0.0.0.0:8000 (Press CTRL+C to quit) call_trace=D:\GitHub\gotcha\server\venv\Lib\site-packages\uvicorn\config.py L522 
2024-04-28 16:09:11,913 loglevel=INFO   logger=uvicorn.error startup() L79   Started reloader process [19348] using StatReload call_trace=D:\GitHub\gotcha\server\venv\Lib\site-packages\uvicorn\supervisors\basereload.py L79  
2024-04-28 16:09:12,795 loglevel=INFO   logger=uvicorn.error _serve() L82   Started server process [3332] call_trace=D:\GitHub\gotcha\server\venv\Lib\site-packages\uvicorn\server.py L82  
2024-04-28 16:09:12,795 loglevel=INFO   logger=uvicorn.error startup() L48   Waiting for application startup. call_trace=D:\GitHub\gotcha\server\venv\Lib\site-packages\uvicorn\lifespan\on.py L48  
2024-04-28 16:09:12,795 loglevel=INFO   logger=uvicorn.error startup() L62   Application startup complete. call_trace=D:\GitHub\gotcha\server\venv\Lib\site-packages\uvicorn\lifespan\on.py L62  
2024-04-28 16:09:22,476 loglevel=INFO   logger=uvicorn.access send() L477  127.0.0.1:55650 - "GET /triviaManagement/getUserDetails?userId=123 HTTP/1.1" 200 call_trace=D:\GitHub\gotcha\server\venv\Lib\site-packages\uvicorn\protocols\http\h11_impl.py L477 
2024-04-28 16:10:29,416 loglevel=INFO   logger=uvicorn.access send() L477  127.0.0.1:55651 - "GET /triviaManagement/getUserDetails?userId=123 HTTP/1.1" 200 call_trace=D:\GitHub\gotcha\server\venv\Lib\site-packages\uvicorn\protocols\http\h11_impl.py L477 
2024-04-28 16:12:47,551 loglevel=INFO   logger=uvicorn.error shutdown() L258  Shutting down call_trace=D:\GitHub\gotcha\server\venv\Lib\site-packages\uvicorn\server.py L258 
2024-04-28 16:12:47,656 loglevel=INFO   logger=uvicorn.error shutdown() L67   Waiting for application shutdown. call_trace=D:\GitHub\gotcha\server\venv\Lib\site-packages\uvicorn\lifespan\on.py L67  
2024-04-28 16:12:47,657 loglevel=INFO   logger=uvicorn.error shutdown() L76   Application shutdown complete. call_trace=D:\GitHub\gotcha\server\venv\Lib\site-packages\uvicorn\lifespan\on.py L76  
2024-04-28 16:12:47,657 loglevel=INFO   logger=uvicorn.error _serve() L92   Finished server process [3332] call_trace=D:\GitHub\gotcha\server\venv\Lib\site-packages\uvicorn\server.py L92  
2024-04-28 16:12:47,788 loglevel=INFO   logger=uvicorn.error shutdown() L111  Stopping reloader process [19348] call_trace=D:\GitHub\gotcha\server\venv\Lib\site-packages\uvicorn\supervisors\basereload.py L111 
2024-04-28 16:17:27,741 loglevel=INFO   logger=uvicorn.error __init__() L316  Will watch for changes in these directories: ['D:\\GitHub\\gotcha\\server'] call_trace=D:\GitHub\gotcha\server\venv\Lib\site-packages\uvicorn\config.py L316 
2024-04-28 16:17:27,741 loglevel=INFO   logger=uvicorn.error bind_socket() L522  Uvicorn running on http://0.0.0.0:8000 (Press CTRL+C to quit) call_trace=D:\GitHub\gotcha\server\venv\Lib\site-packages\uvicorn\config.py L522 
2024-04-28 16:17:27,741 loglevel=INFO   logger=uvicorn.error startup() L79   Started reloader process [2564] using StatReload call_trace=D:\GitHub\gotcha\server\venv\Lib\site-packages\uvicorn\supervisors\basereload.py L79  
2024-04-28 16:17:28,526 loglevel=INFO   logger=uvicorn.error _serve() L82   Started server process [22092] call_trace=D:\GitHub\gotcha\server\venv\Lib\site-packages\uvicorn\server.py L82  
2024-04-28 16:17:28,526 loglevel=INFO   logger=uvicorn.error startup() L48   Waiting for application startup. call_trace=D:\GitHub\gotcha\server\venv\Lib\site-packages\uvicorn\lifespan\on.py L48  
2024-04-28 16:17:28,526 loglevel=INFO   logger=uvicorn.error startup() L62   Application startup complete. call_trace=D:\GitHub\gotcha\server\venv\Lib\site-packages\uvicorn\lifespan\on.py L62  
2024-04-28 16:17:46,701 loglevel=WARNING logger=uvicorn.error run() L54   StatReload detected changes in 'main.py'. Reloading... call_trace=D:\GitHub\gotcha\server\venv\Lib\site-packages\uvicorn\supervisors\basereload.py L54  
2024-04-28 16:17:46,745 loglevel=INFO   logger=uvicorn.error shutdown() L258  Shutting down call_trace=D:\GitHub\gotcha\server\venv\Lib\site-packages\uvicorn\server.py L258 
2024-04-28 16:17:46,859 loglevel=INFO   logger=uvicorn.error shutdown() L67   Waiting for application shutdown. call_trace=D:\GitHub\gotcha\server\venv\Lib\site-packages\uvicorn\lifespan\on.py L67  
2024-04-28 16:17:46,860 loglevel=INFO   logger=uvicorn.error shutdown() L76   Application shutdown complete. call_trace=D:\GitHub\gotcha\server\venv\Lib\site-packages\uvicorn\lifespan\on.py L76  
2024-04-28 16:17:46,860 loglevel=INFO   logger=uvicorn.error _serve() L92   Finished server process [22092] call_trace=D:\GitHub\gotcha\server\venv\Lib\site-packages\uvicorn\server.py L92  
2024-04-28 16:17:47,779 loglevel=INFO   logger=uvicorn.error _serve() L82   Started server process [22052] call_trace=D:\GitHub\gotcha\server\venv\Lib\site-packages\uvicorn\server.py L82  
2024-04-28 16:17:47,779 loglevel=INFO   logger=uvicorn.error startup() L48   Waiting for application startup. call_trace=D:\GitHub\gotcha\server\venv\Lib\site-packages\uvicorn\lifespan\on.py L48  
2024-04-28 16:17:47,779 loglevel=INFO   logger=uvicorn.error startup() L62   Application startup complete. call_trace=D:\GitHub\gotcha\server\venv\Lib\site-packages\uvicorn\lifespan\on.py L62  
2024-04-28 16:18:26,681 loglevel=WARNING logger=uvicorn.error run() L54   StatReload detected changes in 'config\config.py'. Reloading... call_trace=D:\GitHub\gotcha\server\venv\Lib\site-packages\uvicorn\supervisors\basereload.py L54  
2024-04-28 16:18:26,799 loglevel=INFO   logger=uvicorn.error shutdown() L258  Shutting down call_trace=D:\GitHub\gotcha\server\venv\Lib\site-packages\uvicorn\server.py L258 
2024-04-28 16:18:26,913 loglevel=INFO   logger=uvicorn.error shutdown() L67   Waiting for application shutdown. call_trace=D:\GitHub\gotcha\server\venv\Lib\site-packages\uvicorn\lifespan\on.py L67  
2024-04-28 16:18:26,913 loglevel=INFO   logger=uvicorn.error shutdown() L76   Application shutdown complete. call_trace=D:\GitHub\gotcha\server\venv\Lib\site-packages\uvicorn\lifespan\on.py L76  
2024-04-28 16:18:26,913 loglevel=INFO   logger=uvicorn.error _serve() L92   Finished server process [22052] call_trace=D:\GitHub\gotcha\server\venv\Lib\site-packages\uvicorn\server.py L92  
2024-04-28 16:18:46,146 loglevel=WARNING logger=uvicorn.error run() L54   StatReload detected changes in 'config\config.py'. Reloading... call_trace=D:\GitHub\gotcha\server\venv\Lib\site-packages\uvicorn\supervisors\basereload.py L54  
2024-04-28 16:22:55,379 loglevel=INFO   logger=uvicorn.error __init__() L316  Will watch for changes in these directories: ['D:\\GitHub\\gotcha\\server'] call_trace=D:\GitHub\gotcha\server\venv\Lib\site-packages\uvicorn\config.py L316 
2024-04-28 16:22:55,379 loglevel=INFO   logger=uvicorn.error bind_socket() L522  Uvicorn running on http://0.0.0.0:8000 (Press CTRL+C to quit) call_trace=D:\GitHub\gotcha\server\venv\Lib\site-packages\uvicorn\config.py L522 
2024-04-28 16:22:55,379 loglevel=INFO   logger=uvicorn.error startup() L79   Started reloader process [18736] using StatReload call_trace=D:\GitHub\gotcha\server\venv\Lib\site-packages\uvicorn\supervisors\basereload.py L79  
2024-04-28 16:22:56,191 loglevel=INFO   logger=uvicorn.error _serve() L82   Started server process [15420] call_trace=D:\GitHub\gotcha\server\venv\Lib\site-packages\uvicorn\server.py L82  
2024-04-28 16:22:56,191 loglevel=INFO   logger=uvicorn.error startup() L48   Waiting for application startup. call_trace=D:\GitHub\gotcha\server\venv\Lib\site-packages\uvicorn\lifespan\on.py L48  
2024-04-28 16:22:56,192 loglevel=INFO   logger=uvicorn.error startup() L62   Application startup complete. call_trace=D:\GitHub\gotcha\server\venv\Lib\site-packages\uvicorn\lifespan\on.py L62  
2024-04-28 16:23:23,454 loglevel=WARNING logger=uvicorn.error run() L54   StatReload detected changes in 'config\config.py'. Reloading... call_trace=D:\GitHub\gotcha\server\venv\Lib\site-packages\uvicorn\supervisors\basereload.py L54  
2024-04-28 16:23:23,548 loglevel=INFO   logger=uvicorn.error shutdown() L258  Shutting down call_trace=D:\GitHub\gotcha\server\venv\Lib\site-packages\uvicorn\server.py L258 
2024-04-28 16:23:23,649 loglevel=INFO   logger=uvicorn.error shutdown() L67   Waiting for application shutdown. call_trace=D:\GitHub\gotcha\server\venv\Lib\site-packages\uvicorn\lifespan\on.py L67  
2024-04-28 16:23:23,649 loglevel=INFO   logger=uvicorn.error shutdown() L76   Application shutdown complete. call_trace=D:\GitHub\gotcha\server\venv\Lib\site-packages\uvicorn\lifespan\on.py L76  
2024-04-28 16:23:23,650 loglevel=INFO   logger=uvicorn.error _serve() L92   Finished server process [15420] call_trace=D:\GitHub\gotcha\server\venv\Lib\site-packages\uvicorn\server.py L92  
2024-04-28 16:23:24,535 loglevel=INFO   logger=uvicorn.error _serve() L82   Started server process [19628] call_trace=D:\GitHub\gotcha\server\venv\Lib\site-packages\uvicorn\server.py L82  
2024-04-28 16:23:24,535 loglevel=INFO   logger=uvicorn.error startup() L48   Waiting for application startup. call_trace=D:\GitHub\gotcha\server\venv\Lib\site-packages\uvicorn\lifespan\on.py L48  
2024-04-28 16:23:24,535 loglevel=INFO   logger=uvicorn.error startup() L62   Application startup complete. call_trace=D:\GitHub\gotcha\server\venv\Lib\site-packages\uvicorn\lifespan\on.py L62  
2024-04-28 16:23:41,075 loglevel=INFO   logger=uvicorn.access send() L477  127.0.0.1:55732 - "GET /triviaManagement/getUserDetails?userId=123 HTTP/1.1" 200 call_trace=D:\GitHub\gotcha\server\venv\Lib\site-packages\uvicorn\protocols\http\h11_impl.py L477 
2024-04-28 17:56:36,726 loglevel=WARNING logger=uvicorn.error run() L54   StatReload detected changes in 'config\database.py'. Reloading... call_trace=D:\GitHub\gotcha\server\venv\Lib\site-packages\uvicorn\supervisors\basereload.py L54  
2024-04-28 17:56:36,902 loglevel=INFO   logger=uvicorn.error shutdown() L258  Shutting down call_trace=D:\GitHub\gotcha\server\venv\Lib\site-packages\uvicorn\server.py L258 
2024-04-28 17:56:37,080 loglevel=INFO   logger=uvicorn.error shutdown() L67   Waiting for application shutdown. call_trace=D:\GitHub\gotcha\server\venv\Lib\site-packages\uvicorn\lifespan\on.py L67  
2024-04-28 17:56:37,106 loglevel=INFO   logger=uvicorn.error shutdown() L76   Application shutdown complete. call_trace=D:\GitHub\gotcha\server\venv\Lib\site-packages\uvicorn\lifespan\on.py L76  
2024-04-28 17:56:37,113 loglevel=INFO   logger=uvicorn.error _serve() L92   Finished server process [19628] call_trace=D:\GitHub\gotcha\server\venv\Lib\site-packages\uvicorn\server.py L92  
2024-04-28 17:56:41,228 loglevel=INFO   logger=uvicorn.error _serve() L82   Started server process [14424] call_trace=D:\GitHub\gotcha\server\venv\Lib\site-packages\uvicorn\server.py L82  
2024-04-28 17:56:41,230 loglevel=INFO   logger=uvicorn.error startup() L48   Waiting for application startup. call_trace=D:\GitHub\gotcha\server\venv\Lib\site-packages\uvicorn\lifespan\on.py L48  
2024-04-28 17:56:41,232 loglevel=INFO   logger=uvicorn.error startup() L62   Application startup complete. call_trace=D:\GitHub\gotcha\server\venv\Lib\site-packages\uvicorn\lifespan\on.py L62  
2024-04-28 17:59:48,438 loglevel=WARNING logger=uvicorn.error run() L54   StatReload detected changes in 'config\config.py'. Reloading... call_trace=D:\GitHub\gotcha\server\venv\Lib\site-packages\uvicorn\supervisors\basereload.py L54  
2024-04-28 17:59:48,470 loglevel=INFO   logger=uvicorn.error shutdown() L258  Shutting down call_trace=D:\GitHub\gotcha\server\venv\Lib\site-packages\uvicorn\server.py L258 
2024-04-28 17:59:48,577 loglevel=INFO   logger=uvicorn.error shutdown() L67   Waiting for application shutdown. call_trace=D:\GitHub\gotcha\server\venv\Lib\site-packages\uvicorn\lifespan\on.py L67  
2024-04-28 17:59:48,578 loglevel=INFO   logger=uvicorn.error shutdown() L76   Application shutdown complete. call_trace=D:\GitHub\gotcha\server\venv\Lib\site-packages\uvicorn\lifespan\on.py L76  
2024-04-28 17:59:48,580 loglevel=INFO   logger=uvicorn.error _serve() L92   Finished server process [14424] call_trace=D:\GitHub\gotcha\server\venv\Lib\site-packages\uvicorn\server.py L92  
2024-04-28 17:59:51,103 loglevel=INFO   logger=uvicorn.error _serve() L82   Started server process [284] call_trace=D:\GitHub\gotcha\server\venv\Lib\site-packages\uvicorn\server.py L82  
2024-04-28 17:59:51,103 loglevel=INFO   logger=uvicorn.error startup() L48   Waiting for application startup. call_trace=D:\GitHub\gotcha\server\venv\Lib\site-packages\uvicorn\lifespan\on.py L48  
2024-04-28 17:59:51,107 loglevel=INFO   logger=uvicorn.error startup() L62   Application startup complete. call_trace=D:\GitHub\gotcha\server\venv\Lib\site-packages\uvicorn\lifespan\on.py L62  
2024-04-28 18:00:09,765 loglevel=WARNING logger=uvicorn.error run() L54   StatReload detected changes in 'config\database.py'. Reloading... call_trace=D:\GitHub\gotcha\server\venv\Lib\site-packages\uvicorn\supervisors\basereload.py L54  
2024-04-28 18:00:09,844 loglevel=INFO   logger=uvicorn.error shutdown() L258  Shutting down call_trace=D:\GitHub\gotcha\server\venv\Lib\site-packages\uvicorn\server.py L258 
2024-04-28 18:00:09,959 loglevel=INFO   logger=uvicorn.error shutdown() L67   Waiting for application shutdown. call_trace=D:\GitHub\gotcha\server\venv\Lib\site-packages\uvicorn\lifespan\on.py L67  
2024-04-28 18:00:09,962 loglevel=INFO   logger=uvicorn.error shutdown() L76   Application shutdown complete. call_trace=D:\GitHub\gotcha\server\venv\Lib\site-packages\uvicorn\lifespan\on.py L76  
2024-04-28 18:00:09,962 loglevel=INFO   logger=uvicorn.error _serve() L92   Finished server process [284] call_trace=D:\GitHub\gotcha\server\venv\Lib\site-packages\uvicorn\server.py L92  
2024-04-28 18:00:11,981 loglevel=INFO   logger=uvicorn.error _serve() L82   Started server process [21664] call_trace=D:\GitHub\gotcha\server\venv\Lib\site-packages\uvicorn\server.py L82  
2024-04-28 18:00:11,982 loglevel=INFO   logger=uvicorn.error startup() L48   Waiting for application startup. call_trace=D:\GitHub\gotcha\server\venv\Lib\site-packages\uvicorn\lifespan\on.py L48  
2024-04-28 18:00:11,982 loglevel=INFO   logger=uvicorn.error startup() L62   Application startup complete. call_trace=D:\GitHub\gotcha\server\venv\Lib\site-packages\uvicorn\lifespan\on.py L62  
2024-04-28 18:04:59,602 loglevel=WARNING logger=uvicorn.error run() L54   StatReload detected changes in 'modules\trivia_management\trivia_management.py'. Reloading... call_trace=D:\GitHub\gotcha\server\venv\Lib\site-packages\uvicorn\supervisors\basereload.py L54  
2024-04-28 18:04:59,703 loglevel=INFO   logger=uvicorn.error shutdown() L258  Shutting down call_trace=D:\GitHub\gotcha\server\venv\Lib\site-packages\uvicorn\server.py L258 
2024-04-28 18:04:59,812 loglevel=INFO   logger=uvicorn.error shutdown() L67   Waiting for application shutdown. call_trace=D:\GitHub\gotcha\server\venv\Lib\site-packages\uvicorn\lifespan\on.py L67  
2024-04-28 18:04:59,814 loglevel=INFO   logger=uvicorn.error shutdown() L76   Application shutdown complete. call_trace=D:\GitHub\gotcha\server\venv\Lib\site-packages\uvicorn\lifespan\on.py L76  
2024-04-28 18:04:59,815 loglevel=INFO   logger=uvicorn.error _serve() L92   Finished server process [21664] call_trace=D:\GitHub\gotcha\server\venv\Lib\site-packages\uvicorn\server.py L92  
2024-04-28 18:07:54,748 loglevel=WARNING logger=uvicorn.error run() L54   StatReload detected changes in 'modules\trivia_management\schemas.py'. Reloading... call_trace=D:\GitHub\gotcha\server\venv\Lib\site-packages\uvicorn\supervisors\basereload.py L54  
2024-04-28 18:11:00,475 loglevel=WARNING logger=uvicorn.error run() L54   StatReload detected changes in 'modules\trivia_management\schemas.py'. Reloading... call_trace=D:\GitHub\gotcha\server\venv\Lib\site-packages\uvicorn\supervisors\basereload.py L54  
2024-04-28 18:11:04,857 loglevel=WARNING logger=uvicorn.error run() L54   StatReload detected changes in 'modules\trivia_management\trivia_management.py'. Reloading... call_trace=D:\GitHub\gotcha\server\venv\Lib\site-packages\uvicorn\supervisors\basereload.py L54  
2024-04-28 18:11:11,102 loglevel=WARNING logger=uvicorn.error run() L54   StatReload detected changes in 'modules\trivia_management\schemas.py'. Reloading... call_trace=D:\GitHub\gotcha\server\venv\Lib\site-packages\uvicorn\supervisors\basereload.py L54  
2024-04-28 18:19:39,643 loglevel=WARNING logger=uvicorn.error run() L54   StatReload detected changes in 'modules\trivia_management\trivia_management.py'. Reloading... call_trace=D:\GitHub\gotcha\server\venv\Lib\site-packages\uvicorn\supervisors\basereload.py L54  
2024-04-28 18:19:41,616 loglevel=INFO   logger=uvicorn.error _serve() L82   Started server process [17680] call_trace=D:\GitHub\gotcha\server\venv\Lib\site-packages\uvicorn\server.py L82  
2024-04-28 18:19:41,619 loglevel=INFO   logger=uvicorn.error startup() L48   Waiting for application startup. call_trace=D:\GitHub\gotcha\server\venv\Lib\site-packages\uvicorn\lifespan\on.py L48  
2024-04-28 18:19:41,620 loglevel=INFO   logger=uvicorn.error startup() L62   Application startup complete. call_trace=D:\GitHub\gotcha\server\venv\Lib\site-packages\uvicorn\lifespan\on.py L62  
2024-04-28 18:22:52,494 loglevel=WARNING logger=uvicorn.error run() L54   StatReload detected changes in 'modules\trivia_management\trivia_management.py'. Reloading... call_trace=D:\GitHub\gotcha\server\venv\Lib\site-packages\uvicorn\supervisors\basereload.py L54  
2024-04-28 18:22:52,602 loglevel=INFO   logger=uvicorn.error shutdown() L258  Shutting down call_trace=D:\GitHub\gotcha\server\venv\Lib\site-packages\uvicorn\server.py L258 
2024-04-28 18:22:52,722 loglevel=INFO   logger=uvicorn.error shutdown() L67   Waiting for application shutdown. call_trace=D:\GitHub\gotcha\server\venv\Lib\site-packages\uvicorn\lifespan\on.py L67  
2024-04-28 18:22:52,723 loglevel=INFO   logger=uvicorn.error shutdown() L76   Application shutdown complete. call_trace=D:\GitHub\gotcha\server\venv\Lib\site-packages\uvicorn\lifespan\on.py L76  
2024-04-28 18:22:52,724 loglevel=INFO   logger=uvicorn.error _serve() L92   Finished server process [17680] call_trace=D:\GitHub\gotcha\server\venv\Lib\site-packages\uvicorn\server.py L92  
2024-04-28 18:22:54,684 loglevel=INFO   logger=uvicorn.error _serve() L82   Started server process [19084] call_trace=D:\GitHub\gotcha\server\venv\Lib\site-packages\uvicorn\server.py L82  
2024-04-28 18:22:54,684 loglevel=INFO   logger=uvicorn.error startup() L48   Waiting for application startup. call_trace=D:\GitHub\gotcha\server\venv\Lib\site-packages\uvicorn\lifespan\on.py L48  
2024-04-28 18:22:54,684 loglevel=INFO   logger=uvicorn.error startup() L62   Application startup complete. call_trace=D:\GitHub\gotcha\server\venv\Lib\site-packages\uvicorn\lifespan\on.py L62  
2024-04-28 18:23:21,564 loglevel=INFO   logger=uvicorn.access send() L477  127.0.0.1:56651 - "GET /triviaManagement/getUserDetails?userId=123 HTTP/1.1" 404 call_trace=D:\GitHub\gotcha\server\venv\Lib\site-packages\uvicorn\protocols\http\h11_impl.py L477 
2024-04-28 18:33:51,509 loglevel=WARNING logger=uvicorn.error run() L54   StatReload detected changes in 'modules\trivia_management\trivia_management.py'. Reloading... call_trace=D:\GitHub\gotcha\server\venv\Lib\site-packages\uvicorn\supervisors\basereload.py L54  
2024-04-28 18:33:51,607 loglevel=INFO   logger=uvicorn.error shutdown() L258  Shutting down call_trace=D:\GitHub\gotcha\server\venv\Lib\site-packages\uvicorn\server.py L258 
2024-04-28 18:33:51,722 loglevel=INFO   logger=uvicorn.error shutdown() L67   Waiting for application shutdown. call_trace=D:\GitHub\gotcha\server\venv\Lib\site-packages\uvicorn\lifespan\on.py L67  
2024-04-28 18:33:51,722 loglevel=INFO   logger=uvicorn.error shutdown() L76   Application shutdown complete. call_trace=D:\GitHub\gotcha\server\venv\Lib\site-packages\uvicorn\lifespan\on.py L76  
2024-04-28 18:33:51,722 loglevel=INFO   logger=uvicorn.error _serve() L92   Finished server process [19084] call_trace=D:\GitHub\gotcha\server\venv\Lib\site-packages\uvicorn\server.py L92  
2024-04-28 18:33:54,024 loglevel=INFO   logger=uvicorn.error _serve() L82   Started server process [24148] call_trace=D:\GitHub\gotcha\server\venv\Lib\site-packages\uvicorn\server.py L82  
2024-04-28 18:33:54,025 loglevel=INFO   logger=uvicorn.error startup() L48   Waiting for application startup. call_trace=D:\GitHub\gotcha\server\venv\Lib\site-packages\uvicorn\lifespan\on.py L48  
2024-04-28 18:33:54,025 loglevel=INFO   logger=uvicorn.error startup() L62   Application startup complete. call_trace=D:\GitHub\gotcha\server\venv\Lib\site-packages\uvicorn\lifespan\on.py L62  
2024-04-28 18:36:57,578 loglevel=INFO   logger=uvicorn.access send() L477  127.0.0.1:56731 - "GET /docs HTTP/1.1" 200 call_trace=D:\GitHub\gotcha\server\venv\Lib\site-packages\uvicorn\protocols\http\h11_impl.py L477 
2024-04-28 18:37:00,189 loglevel=INFO   logger=uvicorn.access send() L477  127.0.0.1:56731 - "GET /openapi.json HTTP/1.1" 200 call_trace=D:\GitHub\gotcha\server\venv\Lib\site-packages\uvicorn\protocols\http\h11_impl.py L477 
2024-04-28 18:37:08,853 loglevel=INFO   logger=uvicorn.access send() L477  127.0.0.1:56742 - "GET /docs HTTP/1.1" 200 call_trace=D:\GitHub\gotcha\server\venv\Lib\site-packages\uvicorn\protocols\http\h11_impl.py L477 
2024-04-28 18:37:10,383 loglevel=INFO   logger=uvicorn.access send() L477  127.0.0.1:56742 - "GET /openapi.json HTTP/1.1" 200 call_trace=D:\GitHub\gotcha\server\venv\Lib\site-packages\uvicorn\protocols\http\h11_impl.py L477 
2024-04-28 18:37:18,629 loglevel=INFO   logger=uvicorn.access send() L477  127.0.0.1:56743 - "POST /triviaManagement/createRoom HTTP/1.1" 200 call_trace=D:\GitHub\gotcha\server\venv\Lib\site-packages\uvicorn\protocols\http\h11_impl.py L477 
2024-04-28 18:46:55,273 loglevel=WARNING logger=uvicorn.error run() L54   StatReload detected changes in 'config\models.py'. Reloading... call_trace=D:\GitHub\gotcha\server\venv\Lib\site-packages\uvicorn\supervisors\basereload.py L54  
2024-04-28 18:46:55,393 loglevel=INFO   logger=uvicorn.error shutdown() L258  Shutting down call_trace=D:\GitHub\gotcha\server\venv\Lib\site-packages\uvicorn\server.py L258 
2024-04-28 18:46:55,505 loglevel=INFO   logger=uvicorn.error shutdown() L67   Waiting for application shutdown. call_trace=D:\GitHub\gotcha\server\venv\Lib\site-packages\uvicorn\lifespan\on.py L67  
2024-04-28 18:46:55,508 loglevel=INFO   logger=uvicorn.error shutdown() L76   Application shutdown complete. call_trace=D:\GitHub\gotcha\server\venv\Lib\site-packages\uvicorn\lifespan\on.py L76  
2024-04-28 18:46:55,511 loglevel=INFO   logger=uvicorn.error _serve() L92   Finished server process [24148] call_trace=D:\GitHub\gotcha\server\venv\Lib\site-packages\uvicorn\server.py L92  
2024-04-28 18:46:58,112 loglevel=INFO   logger=uvicorn.error _serve() L82   Started server process [3104] call_trace=D:\GitHub\gotcha\server\venv\Lib\site-packages\uvicorn\server.py L82  
2024-04-28 18:46:58,112 loglevel=INFO   logger=uvicorn.error startup() L48   Waiting for application startup. call_trace=D:\GitHub\gotcha\server\venv\Lib\site-packages\uvicorn\lifespan\on.py L48  
2024-04-28 18:46:58,112 loglevel=INFO   logger=uvicorn.error startup() L62   Application startup complete. call_trace=D:\GitHub\gotcha\server\venv\Lib\site-packages\uvicorn\lifespan\on.py L62  
2024-04-28 19:00:03,460 loglevel=WARNING logger=uvicorn.error run() L54   StatReload detected changes in 'config\models.py'. Reloading... call_trace=D:\GitHub\gotcha\server\venv\Lib\site-packages\uvicorn\supervisors\basereload.py L54  
2024-04-28 19:00:03,598 loglevel=INFO   logger=uvicorn.error shutdown() L258  Shutting down call_trace=D:\GitHub\gotcha\server\venv\Lib\site-packages\uvicorn\server.py L258 
2024-04-28 19:00:03,709 loglevel=INFO   logger=uvicorn.error shutdown() L67   Waiting for application shutdown. call_trace=D:\GitHub\gotcha\server\venv\Lib\site-packages\uvicorn\lifespan\on.py L67  
2024-04-28 19:00:03,711 loglevel=INFO   logger=uvicorn.error shutdown() L76   Application shutdown complete. call_trace=D:\GitHub\gotcha\server\venv\Lib\site-packages\uvicorn\lifespan\on.py L76  
2024-04-28 19:00:03,719 loglevel=INFO   logger=uvicorn.error _serve() L92   Finished server process [3104] call_trace=D:\GitHub\gotcha\server\venv\Lib\site-packages\uvicorn\server.py L92  
2024-04-28 19:00:05,557 loglevel=INFO   logger=uvicorn.error _serve() L82   Started server process [17820] call_trace=D:\GitHub\gotcha\server\venv\Lib\site-packages\uvicorn\server.py L82  
2024-04-28 19:00:05,558 loglevel=INFO   logger=uvicorn.error startup() L48   Waiting for application startup. call_trace=D:\GitHub\gotcha\server\venv\Lib\site-packages\uvicorn\lifespan\on.py L48  
2024-04-28 19:00:05,558 loglevel=INFO   logger=uvicorn.error startup() L62   Application startup complete. call_trace=D:\GitHub\gotcha\server\venv\Lib\site-packages\uvicorn\lifespan\on.py L62  
2024-04-28 19:01:23,128 loglevel=WARNING logger=uvicorn.error run() L54   StatReload detected changes in 'modules\trivia_management\trivia_management.py'. Reloading... call_trace=D:\GitHub\gotcha\server\venv\Lib\site-packages\uvicorn\supervisors\basereload.py L54  
2024-04-28 19:01:23,176 loglevel=INFO   logger=uvicorn.error shutdown() L258  Shutting down call_trace=D:\GitHub\gotcha\server\venv\Lib\site-packages\uvicorn\server.py L258 
2024-04-28 19:01:23,284 loglevel=INFO   logger=uvicorn.error shutdown() L67   Waiting for application shutdown. call_trace=D:\GitHub\gotcha\server\venv\Lib\site-packages\uvicorn\lifespan\on.py L67  
2024-04-28 19:01:23,289 loglevel=INFO   logger=uvicorn.error shutdown() L76   Application shutdown complete. call_trace=D:\GitHub\gotcha\server\venv\Lib\site-packages\uvicorn\lifespan\on.py L76  
2024-04-28 19:01:23,289 loglevel=INFO   logger=uvicorn.error _serve() L92   Finished server process [17820] call_trace=D:\GitHub\gotcha\server\venv\Lib\site-packages\uvicorn\server.py L92  
2024-04-28 19:01:24,352 loglevel=INFO   logger=uvicorn.error _serve() L82   Started server process [20672] call_trace=D:\GitHub\gotcha\server\venv\Lib\site-packages\uvicorn\server.py L82  
2024-04-28 19:01:24,353 loglevel=INFO   logger=uvicorn.error startup() L48   Waiting for application startup. call_trace=D:\GitHub\gotcha\server\venv\Lib\site-packages\uvicorn\lifespan\on.py L48  
2024-04-28 19:01:24,353 loglevel=INFO   logger=uvicorn.error startup() L62   Application startup complete. call_trace=D:\GitHub\gotcha\server\venv\Lib\site-packages\uvicorn\lifespan\on.py L62  
2024-04-28 19:02:25,333 loglevel=WARNING logger=uvicorn.error run() L54   StatReload detected changes in 'modules\trivia_management\trivia_management.py'. Reloading... call_trace=D:\GitHub\gotcha\server\venv\Lib\site-packages\uvicorn\supervisors\basereload.py L54  
2024-04-28 19:02:25,362 loglevel=INFO   logger=uvicorn.error shutdown() L258  Shutting down call_trace=D:\GitHub\gotcha\server\venv\Lib\site-packages\uvicorn\server.py L258 
2024-04-28 19:02:25,473 loglevel=INFO   logger=uvicorn.error shutdown() L67   Waiting for application shutdown. call_trace=D:\GitHub\gotcha\server\venv\Lib\site-packages\uvicorn\lifespan\on.py L67  
2024-04-28 19:02:25,474 loglevel=INFO   logger=uvicorn.error shutdown() L76   Application shutdown complete. call_trace=D:\GitHub\gotcha\server\venv\Lib\site-packages\uvicorn\lifespan\on.py L76  
2024-04-28 19:02:25,475 loglevel=INFO   logger=uvicorn.error _serve() L92   Finished server process [20672] call_trace=D:\GitHub\gotcha\server\venv\Lib\site-packages\uvicorn\server.py L92  
2024-04-28 19:02:27,932 loglevel=INFO   logger=uvicorn.error _serve() L82   Started server process [14308] call_trace=D:\GitHub\gotcha\server\venv\Lib\site-packages\uvicorn\server.py L82  
2024-04-28 19:02:27,932 loglevel=INFO   logger=uvicorn.error startup() L48   Waiting for application startup. call_trace=D:\GitHub\gotcha\server\venv\Lib\site-packages\uvicorn\lifespan\on.py L48  
2024-04-28 19:02:27,935 loglevel=INFO   logger=uvicorn.error startup() L62   Application startup complete. call_trace=D:\GitHub\gotcha\server\venv\Lib\site-packages\uvicorn\lifespan\on.py L62  
2024-04-28 19:02:33,380 loglevel=WARNING logger=uvicorn.error run() L54   StatReload detected changes in 'modules\trivia_management\trivia_management.py'. Reloading... call_trace=D:\GitHub\gotcha\server\venv\Lib\site-packages\uvicorn\supervisors\basereload.py L54  
2024-04-28 19:02:33,416 loglevel=INFO   logger=uvicorn.error shutdown() L258  Shutting down call_trace=D:\GitHub\gotcha\server\venv\Lib\site-packages\uvicorn\server.py L258 
2024-04-28 19:02:33,525 loglevel=INFO   logger=uvicorn.error shutdown() L67   Waiting for application shutdown. call_trace=D:\GitHub\gotcha\server\venv\Lib\site-packages\uvicorn\lifespan\on.py L67  
2024-04-28 19:02:33,526 loglevel=INFO   logger=uvicorn.error shutdown() L76   Application shutdown complete. call_trace=D:\GitHub\gotcha\server\venv\Lib\site-packages\uvicorn\lifespan\on.py L76  
2024-04-28 19:02:33,526 loglevel=INFO   logger=uvicorn.error _serve() L92   Finished server process [14308] call_trace=D:\GitHub\gotcha\server\venv\Lib\site-packages\uvicorn\server.py L92  
2024-04-28 19:02:35,284 loglevel=INFO   logger=uvicorn.error _serve() L82   Started server process [11852] call_trace=D:\GitHub\gotcha\server\venv\Lib\site-packages\uvicorn\server.py L82  
2024-04-28 19:02:35,285 loglevel=INFO   logger=uvicorn.error startup() L48   Waiting for application startup. call_trace=D:\GitHub\gotcha\server\venv\Lib\site-packages\uvicorn\lifespan\on.py L48  
2024-04-28 19:02:35,286 loglevel=INFO   logger=uvicorn.error startup() L62   Application startup complete. call_trace=D:\GitHub\gotcha\server\venv\Lib\site-packages\uvicorn\lifespan\on.py L62  
2024-04-28 19:24:24,017 loglevel=WARNING logger=uvicorn.error run() L54   StatReload detected changes in 'modules\trivia_management\trivia_management.py'. Reloading... call_trace=D:\GitHub\gotcha\server\venv\Lib\site-packages\uvicorn\supervisors\basereload.py L54  
2024-04-28 19:24:24,052 loglevel=INFO   logger=uvicorn.error shutdown() L258  Shutting down call_trace=D:\GitHub\gotcha\server\venv\Lib\site-packages\uvicorn\server.py L258 
2024-04-28 19:24:24,173 loglevel=INFO   logger=uvicorn.error shutdown() L67   Waiting for application shutdown. call_trace=D:\GitHub\gotcha\server\venv\Lib\site-packages\uvicorn\lifespan\on.py L67  
2024-04-28 19:24:24,178 loglevel=INFO   logger=uvicorn.error shutdown() L76   Application shutdown complete. call_trace=D:\GitHub\gotcha\server\venv\Lib\site-packages\uvicorn\lifespan\on.py L76  
2024-04-28 19:24:24,180 loglevel=INFO   logger=uvicorn.error _serve() L92   Finished server process [11852] call_trace=D:\GitHub\gotcha\server\venv\Lib\site-packages\uvicorn\server.py L92  
2024-04-28 19:24:27,126 loglevel=INFO   logger=uvicorn.error _serve() L82   Started server process [20652] call_trace=D:\GitHub\gotcha\server\venv\Lib\site-packages\uvicorn\server.py L82  
2024-04-28 19:24:27,127 loglevel=INFO   logger=uvicorn.error startup() L48   Waiting for application startup. call_trace=D:\GitHub\gotcha\server\venv\Lib\site-packages\uvicorn\lifespan\on.py L48  
2024-04-28 19:24:27,128 loglevel=INFO   logger=uvicorn.error startup() L62   Application startup complete. call_trace=D:\GitHub\gotcha\server\venv\Lib\site-packages\uvicorn\lifespan\on.py L62  
2024-04-28 19:24:47,983 loglevel=WARNING logger=uvicorn.error run() L54   StatReload detected changes in 'modules\trivia_management\trivia_management.py'. Reloading... call_trace=D:\GitHub\gotcha\server\venv\Lib\site-packages\uvicorn\supervisors\basereload.py L54  
2024-04-28 19:24:48,092 loglevel=INFO   logger=uvicorn.error shutdown() L258  Shutting down call_trace=D:\GitHub\gotcha\server\venv\Lib\site-packages\uvicorn\server.py L258 
2024-04-28 19:24:48,204 loglevel=INFO   logger=uvicorn.error shutdown() L67   Waiting for application shutdown. call_trace=D:\GitHub\gotcha\server\venv\Lib\site-packages\uvicorn\lifespan\on.py L67  
2024-04-28 19:24:48,205 loglevel=INFO   logger=uvicorn.error shutdown() L76   Application shutdown complete. call_trace=D:\GitHub\gotcha\server\venv\Lib\site-packages\uvicorn\lifespan\on.py L76  
2024-04-28 19:24:48,206 loglevel=INFO   logger=uvicorn.error _serve() L92   Finished server process [20652] call_trace=D:\GitHub\gotcha\server\venv\Lib\site-packages\uvicorn\server.py L92  
2024-04-28 19:24:50,031 loglevel=INFO   logger=uvicorn.error _serve() L82   Started server process [15964] call_trace=D:\GitHub\gotcha\server\venv\Lib\site-packages\uvicorn\server.py L82  
2024-04-28 19:24:50,032 loglevel=INFO   logger=uvicorn.error startup() L48   Waiting for application startup. call_trace=D:\GitHub\gotcha\server\venv\Lib\site-packages\uvicorn\lifespan\on.py L48  
2024-04-28 19:24:50,033 loglevel=INFO   logger=uvicorn.error startup() L62   Application startup complete. call_trace=D:\GitHub\gotcha\server\venv\Lib\site-packages\uvicorn\lifespan\on.py L62  
2024-04-28 20:09:15,328 loglevel=WARNING logger=uvicorn.error run() L54   StatReload detected changes in 'config\models.py'. Reloading... call_trace=D:\GitHub\gotcha\server\venv\Lib\site-packages\uvicorn\supervisors\basereload.py L54  
2024-04-28 20:09:15,491 loglevel=INFO   logger=uvicorn.error shutdown() L258  Shutting down call_trace=D:\GitHub\gotcha\server\venv\Lib\site-packages\uvicorn\server.py L258 
2024-04-28 20:09:15,596 loglevel=INFO   logger=uvicorn.error shutdown() L67   Waiting for application shutdown. call_trace=D:\GitHub\gotcha\server\venv\Lib\site-packages\uvicorn\lifespan\on.py L67  
2024-04-28 20:09:15,596 loglevel=INFO   logger=uvicorn.error shutdown() L76   Application shutdown complete. call_trace=D:\GitHub\gotcha\server\venv\Lib\site-packages\uvicorn\lifespan\on.py L76  
2024-04-28 20:09:15,596 loglevel=INFO   logger=uvicorn.error _serve() L92   Finished server process [15964] call_trace=D:\GitHub\gotcha\server\venv\Lib\site-packages\uvicorn\server.py L92  
2024-04-28 20:09:21,056 loglevel=INFO   logger=uvicorn.error _serve() L82   Started server process [18560] call_trace=D:\GitHub\gotcha\server\venv\Lib\site-packages\uvicorn\server.py L82  
2024-04-28 20:09:21,056 loglevel=INFO   logger=uvicorn.error startup() L48   Waiting for application startup. call_trace=D:\GitHub\gotcha\server\venv\Lib\site-packages\uvicorn\lifespan\on.py L48  
2024-04-28 20:09:21,060 loglevel=INFO   logger=uvicorn.error startup() L62   Application startup complete. call_trace=D:\GitHub\gotcha\server\venv\Lib\site-packages\uvicorn\lifespan\on.py L62  
2024-04-28 20:19:08,309 loglevel=WARNING logger=uvicorn.error run() L54   StatReload detected changes in 'modules\trivia_management\schemas.py'. Reloading... call_trace=D:\GitHub\gotcha\server\venv\Lib\site-packages\uvicorn\supervisors\basereload.py L54  
2024-04-28 20:19:08,497 loglevel=INFO   logger=uvicorn.error shutdown() L258  Shutting down call_trace=D:\GitHub\gotcha\server\venv\Lib\site-packages\uvicorn\server.py L258 
2024-04-28 20:19:08,606 loglevel=INFO   logger=uvicorn.error shutdown() L67   Waiting for application shutdown. call_trace=D:\GitHub\gotcha\server\venv\Lib\site-packages\uvicorn\lifespan\on.py L67  
2024-04-28 20:19:08,606 loglevel=INFO   logger=uvicorn.error shutdown() L76   Application shutdown complete. call_trace=D:\GitHub\gotcha\server\venv\Lib\site-packages\uvicorn\lifespan\on.py L76  
2024-04-28 20:19:08,611 loglevel=INFO   logger=uvicorn.error _serve() L92   Finished server process [18560] call_trace=D:\GitHub\gotcha\server\venv\Lib\site-packages\uvicorn\server.py L92  
2024-04-28 20:19:14,584 loglevel=INFO   logger=uvicorn.error _serve() L82   Started server process [12024] call_trace=D:\GitHub\gotcha\server\venv\Lib\site-packages\uvicorn\server.py L82  
2024-04-28 20:19:14,585 loglevel=INFO   logger=uvicorn.error startup() L48   Waiting for application startup. call_trace=D:\GitHub\gotcha\server\venv\Lib\site-packages\uvicorn\lifespan\on.py L48  
2024-04-28 20:19:14,586 loglevel=INFO   logger=uvicorn.error startup() L62   Application startup complete. call_trace=D:\GitHub\gotcha\server\venv\Lib\site-packages\uvicorn\lifespan\on.py L62  
2024-04-28 20:19:18,401 loglevel=WARNING logger=uvicorn.error run() L54   StatReload detected changes in 'modules\trivia_management\schemas.py'. Reloading... call_trace=D:\GitHub\gotcha\server\venv\Lib\site-packages\uvicorn\supervisors\basereload.py L54  
2024-04-28 20:19:18,480 loglevel=INFO   logger=uvicorn.error shutdown() L258  Shutting down call_trace=D:\GitHub\gotcha\server\venv\Lib\site-packages\uvicorn\server.py L258 
2024-04-28 20:19:18,587 loglevel=INFO   logger=uvicorn.error shutdown() L67   Waiting for application shutdown. call_trace=D:\GitHub\gotcha\server\venv\Lib\site-packages\uvicorn\lifespan\on.py L67  
2024-04-28 20:19:18,590 loglevel=INFO   logger=uvicorn.error shutdown() L76   Application shutdown complete. call_trace=D:\GitHub\gotcha\server\venv\Lib\site-packages\uvicorn\lifespan\on.py L76  
2024-04-28 20:19:18,592 loglevel=INFO   logger=uvicorn.error _serve() L92   Finished server process [12024] call_trace=D:\GitHub\gotcha\server\venv\Lib\site-packages\uvicorn\server.py L92  
2024-04-28 20:19:22,596 loglevel=INFO   logger=uvicorn.error _serve() L82   Started server process [10436] call_trace=D:\GitHub\gotcha\server\venv\Lib\site-packages\uvicorn\server.py L82  
2024-04-28 20:19:22,597 loglevel=INFO   logger=uvicorn.error startup() L48   Waiting for application startup. call_trace=D:\GitHub\gotcha\server\venv\Lib\site-packages\uvicorn\lifespan\on.py L48  
2024-04-28 20:19:22,599 loglevel=INFO   logger=uvicorn.error startup() L62   Application startup complete. call_trace=D:\GitHub\gotcha\server\venv\Lib\site-packages\uvicorn\lifespan\on.py L62  
2024-04-28 20:19:39,937 loglevel=WARNING logger=uvicorn.error run() L54   StatReload detected changes in 'modules\trivia_management\schemas.py'. Reloading... call_trace=D:\GitHub\gotcha\server\venv\Lib\site-packages\uvicorn\supervisors\basereload.py L54  
2024-04-28 20:19:39,975 loglevel=INFO   logger=uvicorn.error shutdown() L258  Shutting down call_trace=D:\GitHub\gotcha\server\venv\Lib\site-packages\uvicorn\server.py L258 
2024-04-28 20:19:40,084 loglevel=INFO   logger=uvicorn.error shutdown() L67   Waiting for application shutdown. call_trace=D:\GitHub\gotcha\server\venv\Lib\site-packages\uvicorn\lifespan\on.py L67  
2024-04-28 20:19:40,086 loglevel=INFO   logger=uvicorn.error shutdown() L76   Application shutdown complete. call_trace=D:\GitHub\gotcha\server\venv\Lib\site-packages\uvicorn\lifespan\on.py L76  
2024-04-28 20:19:40,089 loglevel=INFO   logger=uvicorn.error _serve() L92   Finished server process [10436] call_trace=D:\GitHub\gotcha\server\venv\Lib\site-packages\uvicorn\server.py L92  
2024-04-28 20:19:43,725 loglevel=INFO   logger=uvicorn.error _serve() L82   Started server process [5360] call_trace=D:\GitHub\gotcha\server\venv\Lib\site-packages\uvicorn\server.py L82  
2024-04-28 20:19:43,725 loglevel=INFO   logger=uvicorn.error startup() L48   Waiting for application startup. call_trace=D:\GitHub\gotcha\server\venv\Lib\site-packages\uvicorn\lifespan\on.py L48  
2024-04-28 20:19:43,725 loglevel=INFO   logger=uvicorn.error startup() L62   Application startup complete. call_trace=D:\GitHub\gotcha\server\venv\Lib\site-packages\uvicorn\lifespan\on.py L62  
2024-04-28 20:24:14,338 loglevel=WARNING logger=uvicorn.error run() L54   StatReload detected changes in 'modules\trivia_management\trivia_management.py'. Reloading... call_trace=D:\GitHub\gotcha\server\venv\Lib\site-packages\uvicorn\supervisors\basereload.py L54  
2024-04-28 20:24:14,404 loglevel=INFO   logger=uvicorn.error shutdown() L258  Shutting down call_trace=D:\GitHub\gotcha\server\venv\Lib\site-packages\uvicorn\server.py L258 
2024-04-28 20:24:14,514 loglevel=INFO   logger=uvicorn.error shutdown() L67   Waiting for application shutdown. call_trace=D:\GitHub\gotcha\server\venv\Lib\site-packages\uvicorn\lifespan\on.py L67  
2024-04-28 20:24:14,516 loglevel=INFO   logger=uvicorn.error shutdown() L76   Application shutdown complete. call_trace=D:\GitHub\gotcha\server\venv\Lib\site-packages\uvicorn\lifespan\on.py L76  
2024-04-28 20:24:14,518 loglevel=INFO   logger=uvicorn.error _serve() L92   Finished server process [5360] call_trace=D:\GitHub\gotcha\server\venv\Lib\site-packages\uvicorn\server.py L92  
2024-04-28 20:24:17,511 loglevel=INFO   logger=uvicorn.error _serve() L82   Started server process [16120] call_trace=D:\GitHub\gotcha\server\venv\Lib\site-packages\uvicorn\server.py L82  
2024-04-28 20:24:17,512 loglevel=INFO   logger=uvicorn.error startup() L48   Waiting for application startup. call_trace=D:\GitHub\gotcha\server\venv\Lib\site-packages\uvicorn\lifespan\on.py L48  
2024-04-28 20:24:17,513 loglevel=INFO   logger=uvicorn.error startup() L62   Application startup complete. call_trace=D:\GitHub\gotcha\server\venv\Lib\site-packages\uvicorn\lifespan\on.py L62  
2024-04-28 20:24:41,512 loglevel=WARNING logger=uvicorn.error run() L54   StatReload detected changes in 'modules\trivia_management\trivia_management.py'. Reloading... call_trace=D:\GitHub\gotcha\server\venv\Lib\site-packages\uvicorn\supervisors\basereload.py L54  
2024-04-28 20:24:41,591 loglevel=INFO   logger=uvicorn.error shutdown() L258  Shutting down call_trace=D:\GitHub\gotcha\server\venv\Lib\site-packages\uvicorn\server.py L258 
2024-04-28 20:24:41,697 loglevel=INFO   logger=uvicorn.error shutdown() L67   Waiting for application shutdown. call_trace=D:\GitHub\gotcha\server\venv\Lib\site-packages\uvicorn\lifespan\on.py L67  
2024-04-28 20:24:41,698 loglevel=INFO   logger=uvicorn.error shutdown() L76   Application shutdown complete. call_trace=D:\GitHub\gotcha\server\venv\Lib\site-packages\uvicorn\lifespan\on.py L76  
2024-04-28 20:24:41,701 loglevel=INFO   logger=uvicorn.error _serve() L92   Finished server process [16120] call_trace=D:\GitHub\gotcha\server\venv\Lib\site-packages\uvicorn\server.py L92  
2024-04-28 20:24:44,871 loglevel=INFO   logger=uvicorn.error _serve() L82   Started server process [21380] call_trace=D:\GitHub\gotcha\server\venv\Lib\site-packages\uvicorn\server.py L82  
2024-04-28 20:24:44,872 loglevel=INFO   logger=uvicorn.error startup() L48   Waiting for application startup. call_trace=D:\GitHub\gotcha\server\venv\Lib\site-packages\uvicorn\lifespan\on.py L48  
2024-04-28 20:24:44,872 loglevel=INFO   logger=uvicorn.error startup() L62   Application startup complete. call_trace=D:\GitHub\gotcha\server\venv\Lib\site-packages\uvicorn\lifespan\on.py L62  
2024-04-28 20:25:07,847 loglevel=INFO   logger=uvicorn.access send() L477  127.0.0.1:57442 - "GET /docs HTTP/1.1" 200 call_trace=D:\GitHub\gotcha\server\venv\Lib\site-packages\uvicorn\protocols\http\h11_impl.py L477 
2024-04-28 20:25:09,358 loglevel=INFO   logger=uvicorn.access send() L477  127.0.0.1:57442 - "GET /openapi.json HTTP/1.1" 200 call_trace=D:\GitHub\gotcha\server\venv\Lib\site-packages\uvicorn\protocols\http\h11_impl.py L477 
2024-04-28 20:25:18,809 loglevel=ERROR  logger=modules.trivia_management.trivia_management create_room() L42   Error while  creating room: document must be an instance of dict, bson.son.SON, bson.raw_bson.RawBSONDocument, or a type that inherits from collections.MutableMapping call_trace=D:\GitHub\gotcha\server\modules\trivia_management\trivia_management.py L42  
2024-04-28 20:25:18,811 loglevel=INFO   logger=uvicorn.access send() L477  127.0.0.1:57446 - "POST /triviaManagement/createRoom HTTP/1.1" 500 call_trace=D:\GitHub\gotcha\server\venv\Lib\site-packages\uvicorn\protocols\http\h11_impl.py L477 
2024-04-28 20:26:29,820 loglevel=WARNING logger=uvicorn.error run() L54   StatReload detected changes in 'modules\trivia_management\trivia_management.py'. Reloading... call_trace=D:\GitHub\gotcha\server\venv\Lib\site-packages\uvicorn\supervisors\basereload.py L54  
2024-04-28 20:26:29,941 loglevel=INFO   logger=uvicorn.error shutdown() L258  Shutting down call_trace=D:\GitHub\gotcha\server\venv\Lib\site-packages\uvicorn\server.py L258 
2024-04-28 20:26:30,052 loglevel=INFO   logger=uvicorn.error shutdown() L67   Waiting for application shutdown. call_trace=D:\GitHub\gotcha\server\venv\Lib\site-packages\uvicorn\lifespan\on.py L67  
2024-04-28 20:26:30,055 loglevel=INFO   logger=uvicorn.error shutdown() L76   Application shutdown complete. call_trace=D:\GitHub\gotcha\server\venv\Lib\site-packages\uvicorn\lifespan\on.py L76  
2024-04-28 20:26:30,055 loglevel=INFO   logger=uvicorn.error _serve() L92   Finished server process [21380] call_trace=D:\GitHub\gotcha\server\venv\Lib\site-packages\uvicorn\server.py L92  
2024-04-28 20:26:33,789 loglevel=INFO   logger=uvicorn.error _serve() L82   Started server process [23156] call_trace=D:\GitHub\gotcha\server\venv\Lib\site-packages\uvicorn\server.py L82  
2024-04-28 20:26:33,793 loglevel=INFO   logger=uvicorn.error startup() L48   Waiting for application startup. call_trace=D:\GitHub\gotcha\server\venv\Lib\site-packages\uvicorn\lifespan\on.py L48  
2024-04-28 20:26:33,793 loglevel=INFO   logger=uvicorn.error startup() L62   Application startup complete. call_trace=D:\GitHub\gotcha\server\venv\Lib\site-packages\uvicorn\lifespan\on.py L62  
2024-04-28 20:26:44,260 loglevel=ERROR  logger=modules.trivia_management.trivia_management create_room() L44   Error while  creating room: document must be an instance of dict, bson.son.SON, bson.raw_bson.RawBSONDocument, or a type that inherits from collections.MutableMapping call_trace=D:\GitHub\gotcha\server\modules\trivia_management\trivia_management.py L44  
2024-04-28 20:26:44,261 loglevel=INFO   logger=uvicorn.access send() L477  127.0.0.1:57466 - "POST /triviaManagement/createRoom HTTP/1.1" 500 call_trace=D:\GitHub\gotcha\server\venv\Lib\site-packages\uvicorn\protocols\http\h11_impl.py L477 
2024-04-28 20:33:27,402 loglevel=WARNING logger=uvicorn.error run() L54   StatReload detected changes in 'modules\trivia_management\trivia_management.py'. Reloading... call_trace=D:\GitHub\gotcha\server\venv\Lib\site-packages\uvicorn\supervisors\basereload.py L54  
2024-04-28 20:33:27,501 loglevel=INFO   logger=uvicorn.error shutdown() L258  Shutting down call_trace=D:\GitHub\gotcha\server\venv\Lib\site-packages\uvicorn\server.py L258 
2024-04-28 20:33:27,612 loglevel=INFO   logger=uvicorn.error shutdown() L67   Waiting for application shutdown. call_trace=D:\GitHub\gotcha\server\venv\Lib\site-packages\uvicorn\lifespan\on.py L67  
2024-04-28 20:33:27,615 loglevel=INFO   logger=uvicorn.error shutdown() L76   Application shutdown complete. call_trace=D:\GitHub\gotcha\server\venv\Lib\site-packages\uvicorn\lifespan\on.py L76  
2024-04-28 20:33:27,617 loglevel=INFO   logger=uvicorn.error _serve() L92   Finished server process [23156] call_trace=D:\GitHub\gotcha\server\venv\Lib\site-packages\uvicorn\server.py L92  
2024-04-28 20:33:30,860 loglevel=INFO   logger=uvicorn.error _serve() L82   Started server process [23428] call_trace=D:\GitHub\gotcha\server\venv\Lib\site-packages\uvicorn\server.py L82  
2024-04-28 20:33:30,860 loglevel=INFO   logger=uvicorn.error startup() L48   Waiting for application startup. call_trace=D:\GitHub\gotcha\server\venv\Lib\site-packages\uvicorn\lifespan\on.py L48  
2024-04-28 20:33:30,860 loglevel=INFO   logger=uvicorn.error startup() L62   Application startup complete. call_trace=D:\GitHub\gotcha\server\venv\Lib\site-packages\uvicorn\lifespan\on.py L62  
2024-04-28 20:33:45,728 loglevel=WARNING logger=uvicorn.error run() L54   StatReload detected changes in 'modules\trivia_management\trivia_management.py'. Reloading... call_trace=D:\GitHub\gotcha\server\venv\Lib\site-packages\uvicorn\supervisors\basereload.py L54  
2024-04-28 20:33:45,805 loglevel=INFO   logger=uvicorn.error shutdown() L258  Shutting down call_trace=D:\GitHub\gotcha\server\venv\Lib\site-packages\uvicorn\server.py L258 
2024-04-28 20:33:45,921 loglevel=INFO   logger=uvicorn.error shutdown() L67   Waiting for application shutdown. call_trace=D:\GitHub\gotcha\server\venv\Lib\site-packages\uvicorn\lifespan\on.py L67  
2024-04-28 20:33:45,922 loglevel=INFO   logger=uvicorn.error shutdown() L76   Application shutdown complete. call_trace=D:\GitHub\gotcha\server\venv\Lib\site-packages\uvicorn\lifespan\on.py L76  
2024-04-28 20:33:45,923 loglevel=INFO   logger=uvicorn.error _serve() L92   Finished server process [23428] call_trace=D:\GitHub\gotcha\server\venv\Lib\site-packages\uvicorn\server.py L92  
2024-04-28 20:33:49,036 loglevel=INFO   logger=uvicorn.error _serve() L82   Started server process [21344] call_trace=D:\GitHub\gotcha\server\venv\Lib\site-packages\uvicorn\server.py L82  
2024-04-28 20:33:49,037 loglevel=INFO   logger=uvicorn.error startup() L48   Waiting for application startup. call_trace=D:\GitHub\gotcha\server\venv\Lib\site-packages\uvicorn\lifespan\on.py L48  
2024-04-28 20:33:49,041 loglevel=INFO   logger=uvicorn.error startup() L62   Application startup complete. call_trace=D:\GitHub\gotcha\server\venv\Lib\site-packages\uvicorn\lifespan\on.py L62  
2024-04-28 20:33:59,959 loglevel=INFO   logger=uvicorn.access send() L477  127.0.0.1:57516 - "POST /triviaManagement/createRoom HTTP/1.1" 200 call_trace=D:\GitHub\gotcha\server\venv\Lib\site-packages\uvicorn\protocols\http\h11_impl.py L477 
2024-04-28 20:46:23,483 loglevel=INFO   logger=uvicorn.error shutdown() L258  Shutting down call_trace=D:\GitHub\gotcha\server\venv\Lib\site-packages\uvicorn\server.py L258 
2024-04-28 20:46:23,592 loglevel=INFO   logger=uvicorn.error shutdown() L67   Waiting for application shutdown. call_trace=D:\GitHub\gotcha\server\venv\Lib\site-packages\uvicorn\lifespan\on.py L67  
2024-04-28 20:46:23,593 loglevel=INFO   logger=uvicorn.error shutdown() L76   Application shutdown complete. call_trace=D:\GitHub\gotcha\server\venv\Lib\site-packages\uvicorn\lifespan\on.py L76  
2024-04-28 20:46:23,594 loglevel=INFO   logger=uvicorn.error _serve() L92   Finished server process [21344] call_trace=D:\GitHub\gotcha\server\venv\Lib\site-packages\uvicorn\server.py L92  
